<?xml version="1.0" encoding="UTF-8"?>
<!-- Generated by org.testng.reporters.JUnitReportReporter -->
<testsuite hostname="DELLXPS" failures="0" tests="1" name="basic.Login" time="0.006" errors="0" timestamp="2023-08-21T13:17:00 IST" skipped="0">
  <testcase classname="basic.Login" name="greet" time="0.006"/>
  <system-out/>
</testsuite> <!-- basic.Login -->
