<?xml version="1.0" encoding="UTF-8"?>
<!-- Generated by org.testng.reporters.JUnitReportReporter -->
<testsuite hostname="DELLXPS" failures="0" tests="1" name="basic.LoginTest" time="0.006" errors="0" timestamp="2023-08-21T13:20:53 IST" skipped="0">
  <testcase classname="basic.LoginTest" name="work" time="0.006"/>
  <system-out/>
</testsuite> <!-- basic.LoginTest -->
